<?xml version="1.0" encoding="UTF-8"?>
<!-- Generated by org.testng.reporters.JUnitReportReporter -->
<testsuite hostname="DESKTOP-DLIOLHK" failures="0" tests="1" name="Rohanfirstmavenproj.SeleniumTest" time="0.022" errors="0" timestamp="2022-08-10T16:07:03 IST" skipped="0">
  <testcase classname="Rohanfirstmavenproj.SeleniumTest" name="elementsUi" time="0.022"/>
  <system-out/>
</testsuite> <!-- Rohanfirstmavenproj.SeleniumTest -->
