<?xml version="1.0" encoding="UTF-8"?>
<!-- Generated by org.testng.reporters.JUnitReportReporter -->
<testsuite hostname="DESKTOP-DLIOLHK" failures="0" tests="2" name="Rohanfirstmavenproj.AppiumTest" time="0.002" errors="0" timestamp="2022-08-14T16:40:41 IST" skipped="0">
  <testcase classname="Rohanfirstmavenproj.AppiumTest" name="IOSApps" time="0.001"/>
  <system-out/>
  <testcase classname="Rohanfirstmavenproj.AppiumTest" name="NativeAppAndroid" time="0.001"/>
  <system-out/>
</testsuite> <!-- Rohanfirstmavenproj.AppiumTest -->
