<?xml version="1.0" encoding="UTF-8"?>
<!-- Generated by org.testng.reporters.JUnitReportReporter -->
<testsuite hostname="DESKTOP-DLIOLHK" failures="0" tests="2" name="Rohanfirstmavenproj.RestAPITest" time="0.009" errors="0" timestamp="2022-08-14T16:40:41 IST" skipped="0">
  <testcase classname="Rohanfirstmavenproj.RestAPITest" name="deleteTwitter" time="0.008"/>
  <system-out/>
  <testcase classname="Rohanfirstmavenproj.RestAPITest" name="postJira" time="0.001"/>
  <system-out/>
</testsuite> <!-- Rohanfirstmavenproj.RestAPITest -->
